<?xml version="1.0" encoding="UTF-8"?>
<!-- Generated by org.testng.reporters.JUnitReportReporter -->
<testsuite hostname="Eidita" failures="0" tests="3" name="LoginFacebook.OpenApplication" time="3.752" errors="0" timestamp="2023-09-18T01:10:26 EDT" skipped="0">
  <testcase classname="LoginFacebook.OpenApplication" name="partialLinkText" time="0.628"/>
  <system-out/>
  <testcase classname="LoginFacebook.OpenApplication" name="idLocator" time="0.200"/>
  <system-out/>
  <testcase classname="LoginFacebook.OpenApplication" name="linkText" time="2.924"/>
  <system-out/>
</testsuite> <!-- LoginFacebook.OpenApplication -->
