<?xml version="1.0" encoding="UTF-8"?>
<!-- Generated by org.testng.reporters.JUnitReportReporter -->
<testsuite hostname="Eidita" failures="0" tests="3" name="LoginFacebook.OpenApplication" time="4.022" errors="0" timestamp="2023-09-18T23:47:34 EDT" skipped="0">
  <testcase classname="LoginFacebook.OpenApplication" name="partialLinkText" time="0.464"/>
  <system-out/>
  <testcase classname="LoginFacebook.OpenApplication" name="linkText" time="3.356"/>
  <system-out/>
  <testcase classname="LoginFacebook.OpenApplication" name="idLocator" time="0.202"/>
  <system-out/>
</testsuite> <!-- LoginFacebook.OpenApplication -->
