<?xml version="1.0" encoding="UTF-8"?>
<!-- Generated by org.testng.reporters.JUnitReportReporter -->
<testsuite hostname="Eidita" failures="0" tests="2" name="assertion.LoginTest" time="0.544" errors="0" timestamp="2023-09-19T00:49:25 EDT" skipped="0">
  <testcase classname="assertion.LoginTest" name="loginTest" time="0.342"/>
  <system-out/>
  <testcase classname="assertion.LoginTest" name="assertTest" time="0.202"/>
  <system-out/>
</testsuite> <!-- assertion.LoginTest -->
